# JRE version: OpenJDK Runtime Environment (11.0.12+7) (build 11.0.12+7-b1504.28-7817840)
# Java VM: OpenJDK 64-Bit Server VM (11.0.12+7-b1504.28-7817840, mixed mode, tiered, compressed oops, g1 gc, windows-amd64)
Heap:
 garbage-first heap   total 284672K, used 236233K [0x0000000080000000, 0x0000000100000000)
  region size 1024K, 85 young (87040K), 7 survivors (7168K)
 Metaspace       used 122127K, capacity 125753K, committed 125824K, reserved 1159168K
  class space    used 15638K, capacity 16962K, committed 17024K, reserved 1048576K
GC Heap History (20 events):
Event: 16.062 GC heap after
{Heap after GC invocations=15 (full 0):
 garbage-first heap   total 284672K, used 87519K [0x0000000080000000, 0x0000000100000000)
  region size 1024K, 8 young (8192K), 8 survivors (8192K)
 Metaspace       used 68328K, capacity 70086K, committed 70400K, reserved 1110016K
  class space    used 8752K, capacity 9408K, committed 9472K, reserved 1048576K
}
Event: 17.906 GC heap before
{Heap before GC invocations=15 (full 0):
 garbage-first heap   total 284672K, used 200159K [0x0000000080000000, 0x0000000100000000)
  region size 1024K, 118 young (120832K), 8 survivors (8192K)
 Metaspace       used 76738K, capacity 78639K, committed 78848K, reserved 1118208K
  class space    used 10013K, capacity 10707K, committed 10752K, reserved 1048576K
}
Event: 17.927 GC heap after
{Heap after GC invocations=16 (full 0):
 garbage-first heap   total 284672K, used 94585K [0x0000000080000000, 0x0000000100000000)
  region size 1024K, 15 young (15360K), 15 survivors (15360K)
 Metaspace       used 76738K, capacity 78639K, committed 78848K, reserved 1118208K
  class space    used 10013K, capacity 10707K, committed 10752K, reserved 1048576K
}
Event: 20.245 GC heap before
{Heap before GC invocations=16 (full 0):
 garbage-first heap   total 284672K, used 221561K [0x0000000080000000, 0x0000000100000000)
  region size 1024K, 130 young (133120K), 15 survivors (15360K)
 Metaspace       used 84578K, capacity 86927K, committed 87040K, reserved 1124352K
  class space    used 11100K, capacity 11952K, committed 12032K, reserved 1048576K
}
Event: 20.275 GC heap after
{Heap after GC invocations=17 (full 0):
 garbage-first heap   total 284672K, used 114094K [0x0000000080000000, 0x0000000100000000)
  region size 1024K, 17 young (17408K), 17 survivors (17408K)
 Metaspace       used 84578K, capacity 86927K, committed 87040K, reserved 1124352K
  class space    used 11100K, capacity 11952K, committed 12032K, reserved 1048576K
}
Event: 22.537 GC heap before
{Heap before GC invocations=17 (full 0):
 garbage-first heap   total 284672K, used 220590K [0x0000000080000000, 0x0000000100000000)
  region size 1024K, 121 young (123904K), 17 survivors (17408K)
 Metaspace       used 96454K, capacity 98914K, committed 99072K, reserved 1134592K
  class space    used 12561K, capacity 13492K, committed 13568K, reserved 1048576K
}
Event: 22.572 GC heap after
{Heap after GC invocations=18 (full 0):
 garbage-first heap   total 284672K, used 121138K [0x0000000080000000, 0x0000000100000000)
  region size 1024K, 7 young (7168K), 7 survivors (7168K)
 Metaspace       used 96454K, capacity 98914K, committed 99072K, reserved 1134592K
  class space    used 12561K, capacity 13492K, committed 13568K, reserved 1048576K
}
Event: 22.757 GC heap before
{Heap before GC invocations=18 (full 0):
 garbage-first heap   total 284672K, used 142642K [0x0000000080000000, 0x0000000100000000)
  region size 1024K, 29 young (29696K), 7 survivors (7168K)
 Metaspace       used 97912K, capacity 100386K, committed 100480K, reserved 1136640K
  class space    used 12764K, capacity 13684K, committed 13696K, reserved 1048576K
}
Event: 22.768 GC heap after
{Heap after GC invocations=19 (full 0):
 garbage-first heap   total 284672K, used 120349K [0x0000000080000000, 0x0000000100000000)
  region size 1024K, 6 young (6144K), 6 survivors (6144K)
 Metaspace       used 97912K, capacity 100386K, committed 100480K, reserved 1136640K
  class space    used 12764K, capacity 13684K, committed 13696K, reserved 1048576K
}
Event: 25.037 GC heap before
{Heap before GC invocations=20 (full 0):
 garbage-first heap   total 284672K, used 225821K [0x0000000080000000, 0x0000000100000000)
  region size 1024K, 109 young (111616K), 6 survivors (6144K)
 Metaspace       used 103228K, capacity 105747K, committed 105984K, reserved 1140736K
  class space    used 13365K, capacity 14294K, committed 14336K, reserved 1048576K
}
Event: 25.065 GC heap after
{Heap after GC invocations=21 (full 0):
 garbage-first heap   total 284672K, used 128372K [0x0000000080000000, 0x0000000100000000)
  region size 1024K, 14 young (14336K), 14 survivors (14336K)
 Metaspace       used 103228K, capacity 105747K, committed 105984K, reserved 1140736K
  class space    used 13365K, capacity 14294K, committed 14336K, reserved 1048576K
}
Event: 27.454 GC heap before
{Heap before GC invocations=22 (full 0):
 garbage-first heap   total 284672K, used 227700K [0x0000000080000000, 0x0000000100000000)
  region size 1024K, 112 young (114688K), 14 survivors (14336K)
 Metaspace       used 104626K, capacity 107260K, committed 107392K, reserved 1142784K
  class space    used 13467K, capacity 14430K, committed 14464K, reserved 1048576K
}
Event: 27.497 GC heap after
{Heap after GC invocations=23 (full 0):
 garbage-first heap   total 284672K, used 135152K [0x0000000080000000, 0x0000000100000000)
  region size 1024K, 9 young (9216K), 9 survivors (9216K)
 Metaspace       used 104626K, capacity 107260K, committed 107392K, reserved 1142784K
  class space    used 13467K, capacity 14430K, committed 14464K, reserved 1048576K
}
Event: 29.800 GC heap before
{Heap before GC invocations=23 (full 0):
 garbage-first heap   total 284672K, used 230384K [0x0000000080000000, 0x0000000100000000)
  region size 1024K, 103 young (105472K), 9 survivors (9216K)
 Metaspace       used 108289K, capacity 111243K, committed 111616K, reserved 1146880K
  class space    used 13930K, capacity 14977K, committed 15104K, reserved 1048576K
}
Event: 29.820 GC heap after
{Heap after GC invocations=24 (full 0):
 garbage-first heap   total 284672K, used 141760K [0x0000000080000000, 0x0000000100000000)
  region size 1024K, 8 young (8192K), 8 survivors (8192K)
 Metaspace       used 108289K, capacity 111243K, committed 111616K, reserved 1146880K
  class space    used 13930K, capacity 14977K, committed 15104K, reserved 1048576K
}
Event: 74.533 GC heap before
{Heap before GC invocations=24 (full 0):
 garbage-first heap   total 284672K, used 231872K [0x0000000080000000, 0x0000000100000000)
  region size 1024K, 97 young (99328K), 8 survivors (8192K)
 Metaspace       used 114695K, capacity 118141K, committed 118272K, reserved 1150976K
  class space    used 14806K, capacity 16008K, committed 16128K, reserved 1048576K
}
Event: 74.557 GC heap after
{Heap after GC invocations=25 (full 0):
 garbage-first heap   total 284672K, used 148221K [0x0000000080000000, 0x0000000100000000)
  region size 1024K, 7 young (7168K), 7 survivors (7168K)
 Metaspace       used 114695K, capacity 118141K, committed 118272K, reserved 1150976K
  class space    used 14806K, capacity 16008K, committed 16128K, reserved 1048576K
}
Event: 76.819 GC heap before
{Heap before GC invocations=26 (full 0):
 garbage-first heap   total 284672K, used 234237K [0x0000000080000000, 0x0000000100000000)
  region size 1024K, 92 young (94208K), 7 survivors (7168K)
 Metaspace       used 118884K, capacity 122402K, committed 122624K, reserved 1155072K
  class space    used 15292K, capacity 16565K, committed 16640K, reserved 1048576K
}
Event: 76.843 GC heap after
{Heap after GC invocations=27 (full 0):
 garbage-first heap   total 284672K, used 156362K [0x0000000080000000, 0x0000000100000000)
  region size 1024K, 12 young (12288K), 12 survivors (12288K)
 Metaspace       used 118884K, capacity 122402K, committed 122624K, reserved 1155072K
  class space    used 15292K, capacity 16565K, committed 16640K, reserved 1048576K
}
Event: 87.034 GC heap before
{Heap before GC invocations=27 (full 0):
 garbage-first heap   total 284672K, used 235210K [0x0000000080000000, 0x0000000100000000)
  region size 1024K, 90 young (92160K), 12 survivors (12288K)
 Metaspace       used 122127K, capacity 125753K, committed 125824K, reserved 1159168K
  class space    used 15638K, capacity 16962K, committed 17024K, reserved 1048576K
}

