# JRE version: OpenJDK Runtime Environment (11.0.12+7) (build 11.0.12+7-b1504.28-7817840)
# Java VM: OpenJDK 64-Bit Server VM (11.0.12+7-b1504.28-7817840, mixed mode, tiered, compressed oops, g1 gc, windows-amd64)
Heap:
 garbage-first heap   total 236544K, used 138565K [0x0000000080000000, 0x0000000100000000)
  region size 1024K, 83 young (84992K), 14 survivors (14336K)
 Metaspace       used 80444K, capacity 82213K, committed 82348K, reserved 1120256K
  class space    used 10499K, capacity 11208K, committed 11264K, reserved 1048576K
GC Heap History (20 events):
Event: 1.602 GC heap before
{Heap before GC invocations=2 (full 0):
 garbage-first heap   total 196608K, used 40445K [0x0000000080000000, 0x0000000100000000)
  region size 1024K, 32 young (32768K), 2 survivors (2048K)
 Metaspace       used 10851K, capacity 11073K, committed 11264K, reserved 1058816K
  class space    used 1130K, capacity 1207K, committed 1280K, reserved 1048576K
}
Event: 1.605 GC heap after
{Heap after GC invocations=3 (full 0):
 garbage-first heap   total 196608K, used 12208K [0x0000000080000000, 0x0000000100000000)
  region size 1024K, 4 young (4096K), 4 survivors (4096K)
 Metaspace       used 10851K, capacity 11073K, committed 11264K, reserved 1058816K
  class space    used 1130K, capacity 1207K, committed 1280K, reserved 1048576K
}
Event: 3.100 GC heap before
{Heap before GC invocations=3 (full 0):
 garbage-first heap   total 196608K, used 56240K [0x0000000080000000, 0x0000000100000000)
  region size 1024K, 47 young (48128K), 4 survivors (4096K)
 Metaspace       used 17730K, capacity 18131K, committed 18432K, reserved 1064960K
  class space    used 2102K, capacity 2241K, committed 2304K, reserved 1048576K
}
Event: 3.108 GC heap after
{Heap after GC invocations=4 (full 0):
 garbage-first heap   total 196608K, used 16738K [0x0000000080000000, 0x0000000100000000)
  region size 1024K, 6 young (6144K), 6 survivors (6144K)
 Metaspace       used 17730K, capacity 18131K, committed 18432K, reserved 1064960K
  class space    used 2102K, capacity 2241K, committed 2304K, reserved 1048576K
}
Event: 3.704 GC heap before
{Heap before GC invocations=4 (full 0):
 garbage-first heap   total 196608K, used 42338K [0x0000000080000000, 0x0000000100000000)
  region size 1024K, 32 young (32768K), 6 survivors (6144K)
 Metaspace       used 20739K, capacity 21138K, committed 21248K, reserved 1067008K
  class space    used 2549K, capacity 2711K, committed 2816K, reserved 1048576K
}
Event: 3.713 GC heap after
{Heap after GC invocations=5 (full 0):
 garbage-first heap   total 196608K, used 17372K [0x0000000080000000, 0x0000000100000000)
  region size 1024K, 5 young (5120K), 5 survivors (5120K)
 Metaspace       used 20739K, capacity 21138K, committed 21248K, reserved 1067008K
  class space    used 2549K, capacity 2711K, committed 2816K, reserved 1048576K
}
Event: 4.848 GC heap before
{Heap before GC invocations=6 (full 0):
 garbage-first heap   total 196608K, used 70620K [0x0000000080000000, 0x0000000100000000)
  region size 1024K, 57 young (58368K), 5 survivors (5120K)
 Metaspace       used 26259K, capacity 26796K, committed 27008K, reserved 1073152K
  class space    used 3410K, capacity 3605K, committed 3712K, reserved 1048576K
}
Event: 4.858 GC heap after
{Heap after GC invocations=7 (full 0):
 garbage-first heap   total 196608K, used 19553K [0x0000000080000000, 0x0000000100000000)
  region size 1024K, 3 young (3072K), 3 survivors (3072K)
 Metaspace       used 26259K, capacity 26796K, committed 27008K, reserved 1073152K
  class space    used 3410K, capacity 3605K, committed 3712K, reserved 1048576K
}
Event: 6.429 GC heap before
{Heap before GC invocations=7 (full 0):
 garbage-first heap   total 196608K, used 80993K [0x0000000080000000, 0x0000000100000000)
  region size 1024K, 64 young (65536K), 3 survivors (3072K)
 Metaspace       used 34948K, capacity 35786K, committed 35840K, reserved 1081344K
  class space    used 4531K, capacity 4839K, committed 4864K, reserved 1048576K
}
Event: 6.447 GC heap after
{Heap after GC invocations=8 (full 0):
 garbage-first heap   total 196608K, used 22768K [0x0000000080000000, 0x0000000100000000)
  region size 1024K, 7 young (7168K), 7 survivors (7168K)
 Metaspace       used 34948K, capacity 35786K, committed 35840K, reserved 1081344K
  class space    used 4531K, capacity 4839K, committed 4864K, reserved 1048576K
}
Event: 8.248 GC heap before
{Heap before GC invocations=9 (full 0):
 garbage-first heap   total 196608K, used 105712K [0x0000000080000000, 0x0000000100000000)
  region size 1024K, 86 young (88064K), 7 survivors (7168K)
 Metaspace       used 41618K, capacity 42594K, committed 42880K, reserved 1087488K
  class space    used 5330K, capacity 5689K, committed 5760K, reserved 1048576K
}
Event: 8.266 GC heap after
{Heap after GC invocations=10 (full 0):
 garbage-first heap   total 196608K, used 29143K [0x0000000080000000, 0x0000000100000000)
  region size 1024K, 11 young (11264K), 11 survivors (11264K)
 Metaspace       used 41618K, capacity 42594K, committed 42880K, reserved 1087488K
  class space    used 5330K, capacity 5689K, committed 5760K, reserved 1048576K
}
Event: 11.180 GC heap before
{Heap before GC invocations=10 (full 0):
 garbage-first heap   total 196608K, used 136663K [0x0000000080000000, 0x0000000100000000)
  region size 1024K, 115 young (117760K), 11 survivors (11264K)
 Metaspace       used 48408K, capacity 49548K, committed 49664K, reserved 1091584K
  class space    used 6174K, capacity 6615K, committed 6656K, reserved 1048576K
}
Event: 11.214 GC heap after
{Heap after GC invocations=11 (full 0):
 garbage-first heap   total 196608K, used 37146K [0x0000000080000000, 0x0000000100000000)
  region size 1024K, 14 young (14336K), 14 survivors (14336K)
 Metaspace       used 48408K, capacity 49548K, committed 49664K, reserved 1091584K
  class space    used 6174K, capacity 6615K, committed 6656K, reserved 1048576K
}
Event: 13.780 GC heap before
{Heap before GC invocations=11 (full 0):
 garbage-first heap   total 196608K, used 136474K [0x0000000080000000, 0x0000000100000000)
  region size 1024K, 105 young (107520K), 14 survivors (14336K)
 Metaspace       used 58464K, capacity 59805K, committed 59948K, reserved 1101824K
  class space    used 7436K, capacity 7988K, committed 8064K, reserved 1048576K
}
Event: 13.810 GC heap after
{Heap after GC invocations=12 (full 0):
 garbage-first heap   total 196608K, used 54010K [0x0000000080000000, 0x0000000100000000)
  region size 1024K, 15 young (15360K), 15 survivors (15360K)
 Metaspace       used 58464K, capacity 59805K, committed 59948K, reserved 1101824K
  class space    used 7436K, capacity 7988K, committed 8064K, reserved 1048576K
}
Event: 15.409 GC heap before
{Heap before GC invocations=13 (full 0):
 garbage-first heap   total 196608K, used 144122K [0x0000000080000000, 0x0000000100000000)
  region size 1024K, 103 young (105472K), 15 survivors (15360K)
 Metaspace       used 67467K, capacity 68886K, committed 69036K, reserved 1110016K
  class space    used 8565K, capacity 9145K, committed 9216K, reserved 1048576K
}
Event: 15.445 GC heap after
{Heap after GC invocations=14 (full 0):
 garbage-first heap   total 236544K, used 61765K [0x0000000080000000, 0x0000000100000000)
  region size 1024K, 7 young (7168K), 7 survivors (7168K)
 Metaspace       used 67467K, capacity 68886K, committed 69036K, reserved 1110016K
  class space    used 8565K, capacity 9145K, committed 9216K, reserved 1048576K
}
Event: 17.822 GC heap before
{Heap before GC invocations=15 (full 0):
 garbage-first heap   total 236544K, used 166213K [0x0000000080000000, 0x0000000100000000)
  region size 1024K, 109 young (111616K), 7 survivors (7168K)
 Metaspace       used 74811K, capacity 76400K, committed 76588K, reserved 1116160K
  class space    used 9708K, capacity 10313K, committed 10368K, reserved 1048576K
}
Event: 17.842 GC heap after
{Heap after GC invocations=16 (full 0):
 garbage-first heap   total 236544K, used 68933K [0x0000000080000000, 0x0000000100000000)
  region size 1024K, 14 young (14336K), 14 survivors (14336K)
 Metaspace       used 74811K, capacity 76400K, committed 76588K, reserved 1116160K
  class space    used 9708K, capacity 10313K, committed 10368K, reserved 1048576K
}

